internal/modules/cjs/loader.js:905
  throw err;
  ^

Error: Cannot find module 'dotenv'
Require stack:
- /home/crypqrev/api.lego2sell.com/app.js
- /usr/local/lsws/fcgi-bin/lsnode.js
    at Function.Module._resolveFilename (internal/modules/cjs/loader.js:902:15)
    at Function.Module._load (internal/modules/cjs/loader.js:746:27)
    at Module.require (internal/modules/cjs/loader.js:974:19)
    at require (internal/modules/cjs/helpers.js:101:18)
    at Object.<anonymous> (/home/crypqrev/api.lego2sell.com/app.js:1:1)
    at Module._compile (internal/modules/cjs/loader.js:1085:14)
    at Object.Module._extensions..js (internal/modules/cjs/loader.js:1114:10)
    at Module.load (internal/modules/cjs/loader.js:950:32)
    at Function.Module._load (internal/modules/cjs/loader.js:790:12)
    at Module.require (internal/modules/cjs/loader.js:974:19) {
  code: 'MODULE_NOT_FOUND',
  requireStack: [
    '/home/crypqrev/api.lego2sell.com/app.js',
    '/usr/local/lsws/fcgi-bin/lsnode.js'
  ]
}
internal/modules/cjs/loader.js:905
  throw err;
  ^

Error: Cannot find module 'dotenv'
Require stack:
- /home/crypqrev/api.lego2sell.com/app.js
- /usr/local/lsws/fcgi-bin/lsnode.js
    at Function.Module._resolveFilename (internal/modules/cjs/loader.js:902:15)
    at Function.Module._load (internal/modules/cjs/loader.js:746:27)
    at Module.require (internal/modules/cjs/loader.js:974:19)
    at require (internal/modules/cjs/helpers.js:101:18)
    at Object.<anonymous> (/home/crypqrev/api.lego2sell.com/app.js:1:1)
    at Module._compile (internal/modules/cjs/loader.js:1085:14)
    at Object.Module._extensions..js (internal/modules/cjs/loader.js:1114:10)
    at Module.load (internal/modules/cjs/loader.js:950:32)
    at Function.Module._load (internal/modules/cjs/loader.js:790:12)
    at Module.require (internal/modules/cjs/loader.js:974:19) {
  code: 'MODULE_NOT_FOUND',
  requireStack: [
    '/home/crypqrev/api.lego2sell.com/app.js',
    '/usr/local/lsws/fcgi-bin/lsnode.js'
  ]
}
/home/crypqrev/api.lego2sell.com/db/connection.js:5
const { dialect, username, password, database, host } = config[env];
        ^

TypeError: Cannot destructure property 'dialect' of 'config[env]' as it is undefined.
    at Object.<anonymous> (/home/crypqrev/api.lego2sell.com/db/connection.js:5:9)
    at Module._compile (internal/modules/cjs/loader.js:1085:14)
    at Object.Module._extensions..js (internal/modules/cjs/loader.js:1114:10)
    at Module.load (internal/modules/cjs/loader.js:950:32)
    at Function.Module._load (internal/modules/cjs/loader.js:790:12)
    at Module.require (internal/modules/cjs/loader.js:974:19)
    at require (internal/modules/cjs/helpers.js:101:18)
    at Object.<anonymous> (/home/crypqrev/api.lego2sell.com/app.js:5:19)
    at Module._compile (internal/modules/cjs/loader.js:1085:14)
    at Object.Module._extensions..js (internal/modules/cjs/loader.js:1114:10)
/home/crypqrev/api.lego2sell.com/db/connection.js:5
const { dialect, username, password, database, host } = config[env];
        ^

TypeError: Cannot destructure property 'dialect' of 'config[env]' as it is undefined.
    at Object.<anonymous> (/home/crypqrev/api.lego2sell.com/db/connection.js:5:9)
    at Module._compile (internal/modules/cjs/loader.js:1085:14)
    at Object.Module._extensions..js (internal/modules/cjs/loader.js:1114:10)
    at Module.load (internal/modules/cjs/loader.js:950:32)
    at Function.Module._load (internal/modules/cjs/loader.js:790:12)
    at Module.require (internal/modules/cjs/loader.js:974:19)
    at require (internal/modules/cjs/helpers.js:101:18)
    at Object.<anonymous> (/home/crypqrev/api.lego2sell.com/app.js:5:19)
    at Module._compile (internal/modules/cjs/loader.js:1085:14)
    at Object.Module._extensions..js (internal/modules/cjs/loader.js:1114:10)
/home/crypqrev/api.lego2sell.com/db/connection.js:5
const { dialect, username, password, database, host } = config[env];
        ^

TypeError: Cannot destructure property 'dialect' of 'config[env]' as it is undefined.
    at Object.<anonymous> (/home/crypqrev/api.lego2sell.com/db/connection.js:5:9)
    at Module._compile (internal/modules/cjs/loader.js:1085:14)
    at Object.Module._extensions..js (internal/modules/cjs/loader.js:1114:10)
    at Module.load (internal/modules/cjs/loader.js:950:32)
    at Function.Module._load (internal/modules/cjs/loader.js:790:12)
    at Module.require (internal/modules/cjs/loader.js:974:19)
    at require (internal/modules/cjs/helpers.js:101:18)
    at Object.<anonymous> (/home/crypqrev/api.lego2sell.com/app.js:5:19)
    at Module._compile (internal/modules/cjs/loader.js:1085:14)
    at Object.Module._extensions..js (internal/modules/cjs/loader.js:1114:10)
/home/crypqrev/api.lego2sell.com/db/connection.js:5
const { dialect, username, password, database, host } = config[env];
        ^

TypeError: Cannot destructure property 'dialect' of 'config[env]' as it is undefined.
    at Object.<anonymous> (/home/crypqrev/api.lego2sell.com/db/connection.js:5:9)
    at Module._compile (internal/modules/cjs/loader.js:1085:14)
    at Object.Module._extensions..js (internal/modules/cjs/loader.js:1114:10)
    at Module.load (internal/modules/cjs/loader.js:950:32)
    at Function.Module._load (internal/modules/cjs/loader.js:790:12)
    at Module.require (internal/modules/cjs/loader.js:974:19)
    at require (internal/modules/cjs/helpers.js:101:18)
    at Object.<anonymous> (/home/crypqrev/api.lego2sell.com/app.js:5:19)
    at Module._compile (internal/modules/cjs/loader.js:1085:14)
    at Object.Module._extensions..js (internal/modules/cjs/loader.js:1114:10)
/home/crypqrev/api.lego2sell.com/db/connection.js:5
const { dialect, username, password, database, host } = config[env];
        ^

TypeError: Cannot destructure property 'dialect' of 'config[env]' as it is undefined.
    at Object.<anonymous> (/home/crypqrev/api.lego2sell.com/db/connection.js:5:9)
    at Module._compile (internal/modules/cjs/loader.js:1085:14)
    at Object.Module._extensions..js (internal/modules/cjs/loader.js:1114:10)
    at Module.load (internal/modules/cjs/loader.js:950:32)
    at Function.Module._load (internal/modules/cjs/loader.js:790:12)
    at Module.require (internal/modules/cjs/loader.js:974:19)
    at require (internal/modules/cjs/helpers.js:101:18)
    at Object.<anonymous> (/home/crypqrev/api.lego2sell.com/app.js:4:19)
    at Module._compile (internal/modules/cjs/loader.js:1085:14)
    at Object.Module._extensions..js (internal/modules/cjs/loader.js:1114:10)
/home/crypqrev/api.lego2sell.com/db/connection.js:5
const { dialect, username, password, database, host } = config[env];
        ^

TypeError: Cannot destructure property 'dialect' of 'config[env]' as it is undefined.
    at Object.<anonymous> (/home/crypqrev/api.lego2sell.com/db/connection.js:5:9)
    at Module._compile (internal/modules/cjs/loader.js:1085:14)
    at Object.Module._extensions..js (internal/modules/cjs/loader.js:1114:10)
    at Module.load (internal/modules/cjs/loader.js:950:32)
    at Function.Module._load (internal/modules/cjs/loader.js:790:12)
    at Module.require (internal/modules/cjs/loader.js:974:19)
    at require (internal/modules/cjs/helpers.js:101:18)
    at Object.<anonymous> (/home/crypqrev/api.lego2sell.com/app.js:4:19)
    at Module._compile (internal/modules/cjs/loader.js:1085:14)
    at Object.Module._extensions..js (internal/modules/cjs/loader.js:1114:10)
/home/crypqrev/api.lego2sell.com/db/connection.js:5
const { dialect, username, password, database, host } = config[env];
        ^

TypeError: Cannot destructure property 'dialect' of 'config[env]' as it is undefined.
    at Object.<anonymous> (/home/crypqrev/api.lego2sell.com/db/connection.js:5:9)
    at Module._compile (internal/modules/cjs/loader.js:1085:14)
    at Object.Module._extensions..js (internal/modules/cjs/loader.js:1114:10)
    at Module.load (internal/modules/cjs/loader.js:950:32)
    at Function.Module._load (internal/modules/cjs/loader.js:790:12)
    at Module.require (internal/modules/cjs/loader.js:974:19)
    at require (internal/modules/cjs/helpers.js:101:18)
    at Object.<anonymous> (/home/crypqrev/api.lego2sell.com/app.js:4:19)
    at Module._compile (internal/modules/cjs/loader.js:1085:14)
    at Object.Module._extensions..js (internal/modules/cjs/loader.js:1114:10)
/home/crypqrev/api.lego2sell.com/db/connection.js:5
const { dialect, username, password, database, host } = config[env];
        ^

TypeError: Cannot destructure property 'dialect' of 'config[env]' as it is undefined.
    at Object.<anonymous> (/home/crypqrev/api.lego2sell.com/db/connection.js:5:9)
    at Module._compile (internal/modules/cjs/loader.js:1085:14)
    at Object.Module._extensions..js (internal/modules/cjs/loader.js:1114:10)
    at Module.load (internal/modules/cjs/loader.js:950:32)
    at Function.Module._load (internal/modules/cjs/loader.js:790:12)
    at Module.require (internal/modules/cjs/loader.js:974:19)
    at require (internal/modules/cjs/helpers.js:101:18)
    at Object.<anonymous> (/home/crypqrev/api.lego2sell.com/app.js:4:19)
    at Module._compile (internal/modules/cjs/loader.js:1085:14)
    at Object.Module._extensions..js (internal/modules/cjs/loader.js:1114:10)
